This file contains any messages produced by compilers while
running configure, to aid debugging if configure makes a mistake.

It was created by liberty_parser configure 2.5, which was
generated by GNU Autoconf 2.61.  Invocation command line was

  $ ./configure 

## --------- ##
## Platform. ##
## --------- ##

hostname = ip-172-31-36-172
uname -m = x86_64
uname -r = 4.4.0-1047-aws
uname -s = Linux
uname -v = #56-Ubuntu SMP Sat Jan 6 19:39:06 UTC 2018

/usr/bin/uname -p = unknown
/bin/uname -X     = unknown

/bin/arch              = unknown
/usr/bin/arch -k       = unknown
/usr/convex/getsysinfo = unknown
/usr/bin/hostinfo      = unknown
/bin/machine           = unknown
/usr/bin/oslevel       = unknown
/bin/universe          = unknown

PATH: /home/ubuntu/bin
PATH: /home/ubuntu/.local/bin
PATH: /usr/local/sbin
PATH: /usr/local/bin
PATH: /usr/sbin
PATH: /usr/bin
PATH: /sbin
PATH: /bin
PATH: /usr/games
PATH: /usr/local/games
PATH: /snap/bin


## ----------- ##
## Core tests. ##
## ----------- ##

configure:1989: checking for a BSD-compatible install
configure:2045: result: /usr/bin/install -c
configure:2056: checking whether build environment is sane
configure:2099: result: yes
configure:2127: checking for a thread-safe mkdir -p
configure:2166: result: /bin/mkdir -p
configure:2179: checking for gawk
configure:2195: found /usr/bin/gawk
configure:2206: result: gawk
configure:2217: checking whether make sets $(MAKE)
configure:2238: result: yes
configure:2485: checking for g++
configure:2501: found /usr/bin/g++
configure:2512: result: g++
configure:2543: checking for C++ compiler version
configure:2550: g++ --version >&5
g++ (Ubuntu 5.4.0-6ubuntu1~16.04.6) 5.4.0 20160609
Copyright (C) 2015 Free Software Foundation, Inc.
This is free software; see the source for copying conditions.  There is NO
warranty; not even for MERCHANTABILITY or FITNESS FOR A PARTICULAR PURPOSE.

configure:2553: $? = 0
configure:2560: g++ -v >&5
Using built-in specs.
COLLECT_GCC=g++
COLLECT_LTO_WRAPPER=/usr/lib/gcc/x86_64-linux-gnu/5/lto-wrapper
Target: x86_64-linux-gnu
Configured with: ../src/configure -v --with-pkgversion='Ubuntu 5.4.0-6ubuntu1~16.04.6' --with-bugurl=file:///usr/share/doc/gcc-5/README.Bugs --enable-languages=c,ada,c++,java,go,d,fortran,objc,obj-c++ --prefix=/usr --program-suffix=-5 --enable-shared --enable-linker-build-id --libexecdir=/usr/lib --without-included-gettext --enable-threads=posix --libdir=/usr/lib --enable-nls --with-sysroot=/ --enable-clocale=gnu --enable-libstdcxx-debug --enable-libstdcxx-time=yes --with-default-libstdcxx-abi=new --enable-gnu-unique-object --disable-vtable-verify --enable-libmpx --enable-plugin --with-system-zlib --disable-browser-plugin --enable-java-awt=gtk --enable-gtk-cairo --with-java-home=/usr/lib/jvm/java-1.5.0-gcj-5-amd64/jre --enable-java-home --with-jvm-root-dir=/usr/lib/jvm/java-1.5.0-gcj-5-amd64 --with-jvm-jar-dir=/usr/lib/jvm-exports/java-1.5.0-gcj-5-amd64 --with-arch-directory=amd64 --with-ecj-jar=/usr/share/java/eclipse-ecj.jar --enable-objc-gc --enable-multiarch --disable-werror --with-arch-32=i686 --with-abi=m64 --with-multilib-list=m32,m64,mx32 --enable-multilib --with-tune=generic --enable-checking=release --build=x86_64-linux-gnu --host=x86_64-linux-gnu --target=x86_64-linux-gnu
Thread model: posix
gcc version 5.4.0 20160609 (Ubuntu 5.4.0-6ubuntu1~16.04.6) 
configure:2563: $? = 0
configure:2570: g++ -V >&5
g++: error: unrecognized command line option '-V'
g++: fatal error: no input files
compilation terminated.
configure:2573: $? = 1
configure:2596: checking for C++ compiler default output file name
configure:2623: g++    conftest.cpp  >&5
configure:2626: $? = 0
configure:2664: result: a.out
configure:2681: checking whether the C++ compiler works
configure:2691: ./a.out
configure:2694: $? = 0
configure:2711: result: yes
configure:2718: checking whether we are cross compiling
configure:2720: result: no
configure:2723: checking for suffix of executables
configure:2730: g++ -o conftest    conftest.cpp  >&5
configure:2733: $? = 0
configure:2757: result: 
configure:2763: checking for suffix of object files
configure:2789: g++ -c   conftest.cpp >&5
configure:2792: $? = 0
configure:2815: result: o
configure:2819: checking whether we are using the GNU C++ compiler
configure:2848: g++ -c   conftest.cpp >&5
configure:2854: $? = 0
configure:2871: result: yes
configure:2876: checking whether g++ accepts -g
configure:2906: g++ -c -g  conftest.cpp >&5
configure:2912: $? = 0
configure:3011: result: yes
configure:3045: checking for style of include used by make
configure:3073: result: GNU
configure:3098: checking dependency style of g++
configure:3189: result: gcc3
configure:3208: checking for gawk
configure:3235: result: gawk
configure:3259: checking for a BSD-compatible install
configure:3315: result: /usr/bin/install -c
configure:3326: checking whether ln -s works
configure:3330: result: yes
configure:3385: checking for gcc
configure:3401: found /usr/bin/gcc
configure:3412: result: gcc
configure:3650: checking for C compiler version
configure:3657: gcc --version >&5
gcc (Ubuntu 5.4.0-6ubuntu1~16.04.6) 5.4.0 20160609
Copyright (C) 2015 Free Software Foundation, Inc.
This is free software; see the source for copying conditions.  There is NO
warranty; not even for MERCHANTABILITY or FITNESS FOR A PARTICULAR PURPOSE.

configure:3660: $? = 0
configure:3667: gcc -v >&5
Using built-in specs.
COLLECT_GCC=gcc
COLLECT_LTO_WRAPPER=/usr/lib/gcc/x86_64-linux-gnu/5/lto-wrapper
Target: x86_64-linux-gnu
Configured with: ../src/configure -v --with-pkgversion='Ubuntu 5.4.0-6ubuntu1~16.04.6' --with-bugurl=file:///usr/share/doc/gcc-5/README.Bugs --enable-languages=c,ada,c++,java,go,d,fortran,objc,obj-c++ --prefix=/usr --program-suffix=-5 --enable-shared --enable-linker-build-id --libexecdir=/usr/lib --without-included-gettext --enable-threads=posix --libdir=/usr/lib --enable-nls --with-sysroot=/ --enable-clocale=gnu --enable-libstdcxx-debug --enable-libstdcxx-time=yes --with-default-libstdcxx-abi=new --enable-gnu-unique-object --disable-vtable-verify --enable-libmpx --enable-plugin --with-system-zlib --disable-browser-plugin --enable-java-awt=gtk --enable-gtk-cairo --with-java-home=/usr/lib/jvm/java-1.5.0-gcj-5-amd64/jre --enable-java-home --with-jvm-root-dir=/usr/lib/jvm/java-1.5.0-gcj-5-amd64 --with-jvm-jar-dir=/usr/lib/jvm-exports/java-1.5.0-gcj-5-amd64 --with-arch-directory=amd64 --with-ecj-jar=/usr/share/java/eclipse-ecj.jar --enable-objc-gc --enable-multiarch --disable-werror --with-arch-32=i686 --with-abi=m64 --with-multilib-list=m32,m64,mx32 --enable-multilib --with-tune=generic --enable-checking=release --build=x86_64-linux-gnu --host=x86_64-linux-gnu --target=x86_64-linux-gnu
Thread model: posix
gcc version 5.4.0 20160609 (Ubuntu 5.4.0-6ubuntu1~16.04.6) 
configure:3670: $? = 0
configure:3677: gcc -V >&5
gcc: error: unrecognized command line option '-V'
gcc: fatal error: no input files
compilation terminated.
configure:3680: $? = 1
configure:3683: checking whether we are using the GNU C compiler
configure:3712: gcc -c   conftest.c >&5
configure:3718: $? = 0
configure:3735: result: yes
configure:3740: checking whether gcc accepts -g
configure:3770: gcc -c -g  conftest.c >&5
configure:3776: $? = 0
configure:3875: result: yes
configure:3892: checking for gcc option to accept ISO C89
configure:3966: gcc  -c -g -O2  conftest.c >&5
configure:3972: $? = 0
configure:3995: result: none needed
configure:4015: checking dependency style of gcc
configure:4106: result: gcc3
configure:4126: checking how to run the C preprocessor
configure:4166: gcc -E  conftest.c
configure:4172: $? = 0
configure:4203: gcc -E  conftest.c
conftest.c:10:28: fatal error: ac_nonexistent.h: No such file or directory
compilation terminated.
configure:4209: $? = 1
configure: failed program was:
| /* confdefs.h.  */
| #define PACKAGE_NAME "liberty_parser"
| #define PACKAGE_TARNAME "liberty_parser"
| #define PACKAGE_VERSION "2.5"
| #define PACKAGE_STRING "liberty_parser 2.5"
| #define PACKAGE_BUGREPORT ""
| #define PACKAGE "liberty_parser"
| #define VERSION "2.5"
| /* end confdefs.h.  */
| #include <ac_nonexistent.h>
configure:4242: result: gcc -E
configure:4271: gcc -E  conftest.c
configure:4277: $? = 0
configure:4308: gcc -E  conftest.c
conftest.c:10:28: fatal error: ac_nonexistent.h: No such file or directory
compilation terminated.
configure:4314: $? = 1
configure: failed program was:
| /* confdefs.h.  */
| #define PACKAGE_NAME "liberty_parser"
| #define PACKAGE_TARNAME "liberty_parser"
| #define PACKAGE_VERSION "2.5"
| #define PACKAGE_STRING "liberty_parser 2.5"
| #define PACKAGE_BUGREPORT ""
| #define PACKAGE "liberty_parser"
| #define VERSION "2.5"
| /* end confdefs.h.  */
| #include <ac_nonexistent.h>
configure:4355: checking for bison
configure:4371: found /usr/bin/bison
configure:4382: result: bison -y
configure:4399: checking for flex
configure:4429: result: no
configure:4399: checking for lex
configure:4429: result: no
configure:4645: checking for ranlib
configure:4661: found /usr/bin/ranlib
configure:4672: result: ranlib
configure:4776: checking build system type
configure:4794: result: x86_64-unknown-linux-gnu
configure:4816: checking host system type
configure:4831: result: x86_64-unknown-linux-gnu
configure:4853: checking for a sed that does not truncate output
configure:4909: result: /bin/sed
configure:4912: checking for grep that handles long lines and -e
configure:4986: result: /bin/grep
configure:4991: checking for egrep
configure:5069: result: /bin/grep -E
configure:5085: checking for ld used by gcc
configure:5152: result: /usr/bin/ld
configure:5161: checking if the linker (/usr/bin/ld) is GNU ld
configure:5176: result: yes
configure:5181: checking for /usr/bin/ld option to reload object files
configure:5188: result: -r
configure:5206: checking for BSD-compatible nm
configure:5255: result: /usr/bin/nm -B
configure:5259: checking how to recognise dependent libraries
configure:5435: result: pass_all
configure:5522: gcc -c -g -O2  conftest.c >&5
configure:5525: $? = 0
configure:5664: checking for ANSI C header files
configure:5694: gcc -c -g -O2  conftest.c >&5
configure:5700: $? = 0
configure:5799: gcc -o conftest -g -O2   conftest.c  >&5
configure:5802: $? = 0
configure:5808: ./conftest
configure:5811: $? = 0
configure:5828: result: yes
configure:5852: checking for sys/types.h
configure:5873: gcc -c -g -O2  conftest.c >&5
configure:5879: $? = 0
configure:5895: result: yes
configure:5852: checking for sys/stat.h
configure:5873: gcc -c -g -O2  conftest.c >&5
configure:5879: $? = 0
configure:5895: result: yes
configure:5852: checking for stdlib.h
configure:5873: gcc -c -g -O2  conftest.c >&5
configure:5879: $? = 0
configure:5895: result: yes
configure:5852: checking for string.h
configure:5873: gcc -c -g -O2  conftest.c >&5
configure:5879: $? = 0
configure:5895: result: yes
configure:5852: checking for memory.h
configure:5873: gcc -c -g -O2  conftest.c >&5
configure:5879: $? = 0
configure:5895: result: yes
configure:5852: checking for strings.h
configure:5873: gcc -c -g -O2  conftest.c >&5
configure:5879: $? = 0
configure:5895: result: yes
configure:5852: checking for inttypes.h
configure:5873: gcc -c -g -O2  conftest.c >&5
configure:5879: $? = 0
configure:5895: result: yes
configure:5852: checking for stdint.h
configure:5873: gcc -c -g -O2  conftest.c >&5
configure:5879: $? = 0
configure:5895: result: yes
configure:5852: checking for unistd.h
configure:5873: gcc -c -g -O2  conftest.c >&5
configure:5879: $? = 0
configure:5895: result: yes
configure:5922: checking dlfcn.h usability
configure:5939: gcc -c -g -O2  conftest.c >&5
configure:5945: $? = 0
configure:5959: result: yes
configure:5963: checking dlfcn.h presence
configure:5978: gcc -E  conftest.c
configure:5984: $? = 0
configure:5998: result: yes
configure:6026: checking for dlfcn.h
configure:6034: result: yes
configure:6057: checking how to run the C++ preprocessor
configure:6093: g++ -E  conftest.cpp
configure:6099: $? = 0
configure:6130: g++ -E  conftest.cpp
conftest.cpp:21:28: fatal error: ac_nonexistent.h: No such file or directory
compilation terminated.
configure:6136: $? = 1
configure: failed program was:
| /* confdefs.h.  */
| #define PACKAGE_NAME "liberty_parser"
| #define PACKAGE_TARNAME "liberty_parser"
| #define PACKAGE_VERSION "2.5"
| #define PACKAGE_STRING "liberty_parser 2.5"
| #define PACKAGE_BUGREPORT ""
| #define PACKAGE "liberty_parser"
| #define VERSION "2.5"
| #define STDC_HEADERS 1
| #define HAVE_SYS_TYPES_H 1
| #define HAVE_SYS_STAT_H 1
| #define HAVE_STDLIB_H 1
| #define HAVE_STRING_H 1
| #define HAVE_MEMORY_H 1
| #define HAVE_STRINGS_H 1
| #define HAVE_INTTYPES_H 1
| #define HAVE_STDINT_H 1
| #define HAVE_UNISTD_H 1
| #define HAVE_DLFCN_H 1
| /* end confdefs.h.  */
| #include <ac_nonexistent.h>
configure:6169: result: g++ -E
configure:6198: g++ -E  conftest.cpp
configure:6204: $? = 0
configure:6235: g++ -E  conftest.cpp
conftest.cpp:21:28: fatal error: ac_nonexistent.h: No such file or directory
compilation terminated.
configure:6241: $? = 1
configure: failed program was:
| /* confdefs.h.  */
| #define PACKAGE_NAME "liberty_parser"
| #define PACKAGE_TARNAME "liberty_parser"
| #define PACKAGE_VERSION "2.5"
| #define PACKAGE_STRING "liberty_parser 2.5"
| #define PACKAGE_BUGREPORT ""
| #define PACKAGE "liberty_parser"
| #define VERSION "2.5"
| #define STDC_HEADERS 1
| #define HAVE_SYS_TYPES_H 1
| #define HAVE_SYS_STAT_H 1
| #define HAVE_STDLIB_H 1
| #define HAVE_STRING_H 1
| #define HAVE_MEMORY_H 1
| #define HAVE_STRINGS_H 1
| #define HAVE_INTTYPES_H 1
| #define HAVE_STDINT_H 1
| #define HAVE_UNISTD_H 1
| #define HAVE_DLFCN_H 1
| /* end confdefs.h.  */
| #include <ac_nonexistent.h>
configure:6334: checking for g77
configure:6364: result: no
configure:6334: checking for xlf
configure:6364: result: no
configure:6334: checking for f77
configure:6364: result: no
configure:6334: checking for frt
configure:6364: result: no
configure:6334: checking for pgf77
configure:6364: result: no
configure:6334: checking for cf77
configure:6364: result: no
configure:6334: checking for fort77
configure:6364: result: no
configure:6334: checking for fl32
configure:6364: result: no
configure:6334: checking for af77
configure:6364: result: no
configure:6334: checking for xlf90
configure:6364: result: no
configure:6334: checking for f90
configure:6364: result: no
configure:6334: checking for pgf90
configure:6364: result: no
configure:6334: checking for pghpf
configure:6364: result: no
configure:6334: checking for epcf90
configure:6364: result: no
configure:6334: checking for gfortran
configure:6364: result: no
configure:6334: checking for g95
configure:6364: result: no
configure:6334: checking for xlf95
configure:6364: result: no
configure:6334: checking for f95
configure:6364: result: no
configure:6334: checking for fort
configure:6364: result: no
configure:6334: checking for ifort
configure:6364: result: no
configure:6334: checking for ifc
configure:6364: result: no
configure:6334: checking for efc
configure:6364: result: no
configure:6334: checking for pgf95
configure:6364: result: no
configure:6334: checking for lf95
configure:6364: result: no
configure:6334: checking for ftn
configure:6364: result: no
configure:6391: checking for Fortran 77 compiler version
configure:6398:  --version >&5
./configure: line 6399: --version: command not found
configure:6401: $? = 127
configure:6408:  -v >&5
./configure: line 6409: -v: command not found
configure:6411: $? = 127
configure:6418:  -V >&5
./configure: line 6419: -V: command not found
configure:6421: $? = 127
configure:6429: checking whether we are using the GNU Fortran 77 compiler
configure:6448:  -c  conftest.F >&5
./configure: line 6449: -c: command not found
configure:6454: $? = 127
configure: failed program was:
|       program main
| #ifndef __GNUC__
|        choke me
| #endif
| 
|       end
configure:6471: result: no
configure:6477: checking whether  accepts -g
configure:6494:  -c -g conftest.f >&5
./configure: line 6495: -c: command not found
configure:6500: $? = 127
configure: failed program was:
|       program main
| 
|       end
configure:6516: result: no
configure:6546: checking the maximum length of command line arguments
configure:6655: result: 32768
configure:6666: checking command to parse /usr/bin/nm -B output from gcc object
configure:6771: gcc -c -g -O2  conftest.c >&5
configure:6774: $? = 0
configure:6778: /usr/bin/nm -B conftest.o \| sed -n -e 's/^.*[ 	]\([ABCDGIRSTW][ABCDGIRSTW]*\)[ 	][ 	]*\([_A-Za-z][_A-Za-z0-9]*\)$/\1 \2 \2/p' \> conftest.nm
configure:6781: $? = 0
configure:6833: gcc -o conftest -g -O2   conftest.c conftstm.o >&5
configure:6836: $? = 0
configure:6874: result: ok
configure:6878: checking for objdir
configure:6893: result: .libs
configure:6985: checking for ar
configure:7001: found /usr/bin/ar
configure:7012: result: ar
configure:7081: checking for ranlib
configure:7108: result: ranlib
configure:7177: checking for strip
configure:7193: found /usr/bin/strip
configure:7204: result: strip
configure:7490: checking if gcc supports -fno-rtti -fno-exceptions
configure:7508: gcc -c -g -O2  -fno-rtti -fno-exceptions conftest.c >&5
cc1: warning: command line option '-fno-rtti' is valid for C++/ObjC++ but not for C
configure:7512: $? = 0
configure:7525: result: no
configure:7540: checking for gcc option to produce PIC
configure:7750: result: -fPIC
configure:7758: checking if gcc PIC flag -fPIC works
configure:7776: gcc -c -g -O2  -fPIC -DPIC conftest.c >&5
configure:7780: $? = 0
configure:7793: result: yes
configure:7821: checking if gcc static flag -static works
configure:7849: result: yes
configure:7859: checking if gcc supports -c -o file.o
configure:7880: gcc -c -g -O2  -o out/conftest2.o conftest.c >&5
configure:7884: $? = 0
configure:7906: result: yes
configure:7932: checking whether the gcc linker (/usr/bin/ld -m elf_x86_64) supports shared libraries
configure:8886: result: yes
configure:8907: checking whether -lc should be explicitly linked in
configure:8912: gcc -c -g -O2  conftest.c >&5
configure:8915: $? = 0
configure:8930: gcc -shared conftest.o  -v -Wl,-soname -Wl,conftest -o conftest 2\>\&1 \| grep  -lc  \>/dev/null 2\>\&1
configure:8933: $? = 0
configure:8945: result: no
configure:8953: checking dynamic linker characteristics
configure:9346: gcc -c -g -O2  conftest.c >&5
configure:9349: $? = 0
configure:9562: result: GNU/Linux ld.so
configure:9571: checking how to hardcode library paths into programs
configure:9596: result: immediate
configure:9610: checking whether stripping libraries is possible
configure:9615: result: yes
configure:10416: checking if libtool supports shared libraries
configure:10418: result: yes
configure:10421: checking whether to build shared libraries
configure:10442: result: yes
configure:10445: checking whether to build static libraries
configure:10449: result: yes
configure:10541: creating libtool
configure:11129: checking for ld used by g++
configure:11196: result: /usr/bin/ld -m elf_x86_64
configure:11205: checking if the linker (/usr/bin/ld -m elf_x86_64) is GNU ld
configure:11220: result: yes
configure:11271: checking whether the g++ linker (/usr/bin/ld -m elf_x86_64) supports shared libraries
configure:12205: result: yes
configure:12223: g++ -c -g -O2  conftest.cpp >&5
configure:12226: $? = 0
configure:12345: checking for g++ option to produce PIC
configure:12619: result: -fPIC
configure:12627: checking if g++ PIC flag -fPIC works
configure:12645: g++ -c -g -O2  -fPIC -DPIC conftest.cpp >&5
configure:12649: $? = 0
configure:12662: result: yes
configure:12690: checking if g++ static flag -static works
configure:12718: result: yes
configure:12728: checking if g++ supports -c -o file.o
configure:12749: g++ -c -g -O2  -o out/conftest2.o conftest.cpp >&5
configure:12753: $? = 0
configure:12775: result: yes
configure:12801: checking whether the g++ linker (/usr/bin/ld -m elf_x86_64) supports shared libraries
configure:12826: result: yes
configure:12893: checking dynamic linker characteristics
configure:13286: g++ -c -g -O2  conftest.cpp >&5
configure:13289: $? = 0
configure:13502: result: GNU/Linux ld.so
configure:13511: checking how to hardcode library paths into programs
configure:13536: result: immediate
configure:19731: checking for a BSD-compatible install
configure:19787: result: /usr/bin/install -c
configure:19799: checking whether gcc and cc understand -c and -o together
configure:19834: gcc -c conftest.c -o conftest2.o >&5
configure:19837: $? = 0
configure:19843: gcc -c conftest.c -o conftest2.o >&5
configure:19846: $? = 0
configure:19857: cc -c conftest.c >&5
configure:19860: $? = 0
configure:19868: cc -c conftest.c -o conftest2.o >&5
configure:19871: $? = 0
configure:19877: cc -c conftest.c -o conftest2.o >&5
configure:19880: $? = 0
configure:19898: result: yes
configure:19924: checking whether ln -s works
configure:19928: result: yes
configure:19935: checking whether make sets $(MAKE)
configure:19956: result: yes
configure:19968: checking for gperf
configure:19986: found /usr/bin/gperf
configure:19999: result: /usr/bin/gperf
configure:20013: checking for gperf - version >= 3.0.1
configure:20086: gcc -o conftest -g -O2   conftest.c  >&5
configure:20089: $? = 0
configure:20095: ./conftest
configure:20098: $? = 0
configure:20114: result: yes
configure:20125: checking for bison
configure:20143: found /usr/bin/bison
configure:20156: result: /usr/bin/bison
configure:20170: checking for bison - version >= 1.875
configure:20243: gcc -o conftest -g -O2   conftest.c  >&5
configure:20246: $? = 0
configure:20252: ./conftest
configure:20255: $? = 0
configure:20271: result: yes
configure:20281: checking for ANSI C header files
configure:20445: result: yes
configure:20463: checking for dirent.h that defines DIR
configure:20492: gcc -c -g -O2  conftest.c >&5
configure:20498: $? = 0
configure:20514: result: yes
configure:20527: checking for library containing opendir
configure:20568: gcc -o conftest -g -O2   conftest.c  >&5
configure:20574: $? = 0
configure:20602: result: none required
configure:20712: checking malloc.h usability
configure:20729: gcc -c -g -O2  conftest.c >&5
configure:20735: $? = 0
configure:20749: result: yes
configure:20753: checking malloc.h presence
configure:20768: gcc -E  conftest.c
configure:20774: $? = 0
configure:20788: result: yes
configure:20816: checking for malloc.h
configure:20824: result: yes
configure:20702: checking for unistd.h
configure:20708: result: yes
configure:20838: checking for an ANSI C-conforming const
configure:20913: gcc -c -g -O2  conftest.c >&5
configure:20919: $? = 0
configure:20934: result: yes
configure:20950: checking for strstr
configure:21006: gcc -o conftest -g -O2   conftest.c  >&5
conftest.c:48:6: warning: conflicting types for built-in function 'strstr'
 char strstr ();
      ^
configure:21012: $? = 0
configure:21030: result: yes
configure:20950: checking for strtod
configure:21006: gcc -o conftest -g -O2   conftest.c  >&5
configure:21012: $? = 0
configure:21030: result: yes
configure:21194: creating ./config.status

## ---------------------- ##
## Running config.status. ##
## ---------------------- ##

This file was extended by liberty_parser config.status 2.5, which was
generated by GNU Autoconf 2.61.  Invocation command line was

  CONFIG_FILES    = 
  CONFIG_HEADERS  = 
  CONFIG_LINKS    = 
  CONFIG_COMMANDS = 
  $ ./config.status 

on ip-172-31-36-172

config.status:652: creating Makefile
config.status:843: executing depfiles commands

## ---------------- ##
## Cache variables. ##
## ---------------- ##

ac_cv_build=x86_64-unknown-linux-gnu
ac_cv_c_compiler_gnu=yes
ac_cv_c_const=yes
ac_cv_cxx_compiler_gnu=yes
ac_cv_env_CCC_set=
ac_cv_env_CCC_value=
ac_cv_env_CC_set=
ac_cv_env_CC_value=
ac_cv_env_CFLAGS_set=
ac_cv_env_CFLAGS_value=
ac_cv_env_CPPFLAGS_set=
ac_cv_env_CPPFLAGS_value=
ac_cv_env_CPP_set=
ac_cv_env_CPP_value=
ac_cv_env_CXXCPP_set=
ac_cv_env_CXXCPP_value=
ac_cv_env_CXXFLAGS_set=
ac_cv_env_CXXFLAGS_value=
ac_cv_env_CXX_set=
ac_cv_env_CXX_value=
ac_cv_env_F77_set=
ac_cv_env_F77_value=
ac_cv_env_FFLAGS_set=
ac_cv_env_FFLAGS_value=
ac_cv_env_LDFLAGS_set=
ac_cv_env_LDFLAGS_value=
ac_cv_env_LIBS_set=
ac_cv_env_LIBS_value=
ac_cv_env_YACC_set=
ac_cv_env_YACC_value=
ac_cv_env_YFLAGS_set=
ac_cv_env_YFLAGS_value=
ac_cv_env_build_alias_set=
ac_cv_env_build_alias_value=
ac_cv_env_host_alias_set=
ac_cv_env_host_alias_value=
ac_cv_env_target_alias_set=
ac_cv_env_target_alias_value=
ac_cv_f77_compiler_gnu=no
ac_cv_func_strstr=yes
ac_cv_func_strtod=yes
ac_cv_header_dirent_dirent_h=yes
ac_cv_header_dlfcn_h=yes
ac_cv_header_inttypes_h=yes
ac_cv_header_malloc_h=yes
ac_cv_header_memory_h=yes
ac_cv_header_stdc=yes
ac_cv_header_stdint_h=yes
ac_cv_header_stdlib_h=yes
ac_cv_header_string_h=yes
ac_cv_header_strings_h=yes
ac_cv_header_sys_stat_h=yes
ac_cv_header_sys_types_h=yes
ac_cv_header_unistd_h=yes
ac_cv_host=x86_64-unknown-linux-gnu
ac_cv_objext=o
ac_cv_path_BISON=/usr/bin/bison
ac_cv_path_EGREP='/bin/grep -E'
ac_cv_path_GPERF=/usr/bin/gperf
ac_cv_path_GREP=/bin/grep
ac_cv_path_install='/usr/bin/install -c'
ac_cv_path_mkdir=/bin/mkdir
ac_cv_prog_AWK=gawk
ac_cv_prog_CPP='gcc -E'
ac_cv_prog_CXXCPP='g++ -E'
ac_cv_prog_YACC='bison -y'
ac_cv_prog_ac_ct_AR=ar
ac_cv_prog_ac_ct_CC=gcc
ac_cv_prog_ac_ct_CXX=g++
ac_cv_prog_ac_ct_RANLIB=ranlib
ac_cv_prog_ac_ct_STRIP=strip
ac_cv_prog_cc_c89=
ac_cv_prog_cc_g=yes
ac_cv_prog_cc_gcc_c_o=yes
ac_cv_prog_cxx_g=yes
ac_cv_prog_f77_g=no
ac_cv_prog_make_make_set=yes
ac_cv_search_opendir='none required'
am_cv_CC_dependencies_compiler_type=gcc3
am_cv_CXX_dependencies_compiler_type=gcc3
lt_cv_deplibs_check_method=pass_all
lt_cv_file_magic_cmd='$MAGIC_CMD'
lt_cv_file_magic_test_file=
lt_cv_ld_reload_flag=-r
lt_cv_objdir=.libs
lt_cv_path_LD=/usr/bin/ld
lt_cv_path_LDCXX='/usr/bin/ld -m elf_x86_64'
lt_cv_path_NM='/usr/bin/nm -B'
lt_cv_path_SED=/bin/sed
lt_cv_prog_compiler_c_o=yes
lt_cv_prog_compiler_c_o_CXX=yes
lt_cv_prog_compiler_rtti_exceptions=no
lt_cv_prog_gnu_ld=yes
lt_cv_prog_gnu_ldcxx=yes
lt_cv_sys_global_symbol_pipe='sed -n -e '\''s/^.*[ 	]\([ABCDGIRSTW][ABCDGIRSTW]*\)[ 	][ 	]*\([_A-Za-z][_A-Za-z0-9]*\)$/\1 \2 \2/p'\'''
lt_cv_sys_global_symbol_to_c_name_address='sed -n -e '\''s/^: \([^ ]*\) $/  {\"\1\", (lt_ptr) 0},/p'\'' -e '\''s/^[BCDEGRST] \([^ ]*\) \([^ ]*\)$/  {"\2", (lt_ptr) \&\2},/p'\'''
lt_cv_sys_global_symbol_to_cdecl='sed -n -e '\''s/^. .* \(.*\)$/extern int \1;/p'\'''
lt_cv_sys_max_cmd_len=32768
lt_lt_cv_prog_compiler_c_o='"yes"'
lt_lt_cv_prog_compiler_c_o_CXX='"yes"'
lt_lt_cv_sys_global_symbol_pipe='"sed -n -e '\''s/^.*[ 	]\\([ABCDGIRSTW][ABCDGIRSTW]*\\)[ 	][ 	]*\\([_A-Za-z][_A-Za-z0-9]*\\)\$/\\1 \\2 \\2/p'\''"'
lt_lt_cv_sys_global_symbol_to_c_name_address='"sed -n -e '\''s/^: \\([^ ]*\\) \$/  {\\\"\\1\\\", (lt_ptr) 0},/p'\'' -e '\''s/^[BCDEGRST] \\([^ ]*\\) \\([^ ]*\\)\$/  {\"\\2\", (lt_ptr) \\&\\2},/p'\''"'
lt_lt_cv_sys_global_symbol_to_cdecl='"sed -n -e '\''s/^. .* \\(.*\\)\$/extern int \\1;/p'\''"'

## ----------------- ##
## Output variables. ##
## ----------------- ##

ACLOCAL='${SHELL} /home/ubuntu/work/Applications/Timer/liberty_parse-2.5/missing --run aclocal-1.10'
AMDEPBACKSLASH='\'
AMDEP_FALSE='#'
AMDEP_TRUE=''
AMTAR='${SHELL} /home/ubuntu/work/Applications/Timer/liberty_parse-2.5/missing --run tar'
AR='ar'
AUTOCONF='${SHELL} /home/ubuntu/work/Applications/Timer/liberty_parse-2.5/missing --run autoconf'
AUTOHEADER='${SHELL} /home/ubuntu/work/Applications/Timer/liberty_parse-2.5/missing --run autoheader'
AUTOMAKE='${SHELL} /home/ubuntu/work/Applications/Timer/liberty_parse-2.5/missing --run automake-1.10'
AWK='gawk'
BISON='/usr/bin/bison'
CC='gcc'
CCDEPMODE='depmode=gcc3'
CFLAGS='-g -O2'
CPP='gcc -E'
CPPFLAGS=''
CXX='g++'
CXXCPP='g++ -E'
CXXDEPMODE='depmode=gcc3'
CXXFLAGS='-g -O2'
CYGPATH_W='echo'
DEFS='-DPACKAGE_NAME=\"liberty_parser\" -DPACKAGE_TARNAME=\"liberty_parser\" -DPACKAGE_VERSION=\"2.5\" -DPACKAGE_STRING=\"liberty_parser\ 2.5\" -DPACKAGE_BUGREPORT=\"\" -DPACKAGE=\"liberty_parser\" -DVERSION=\"2.5\" -DSTDC_HEADERS=1 -DHAVE_SYS_TYPES_H=1 -DHAVE_SYS_STAT_H=1 -DHAVE_STDLIB_H=1 -DHAVE_STRING_H=1 -DHAVE_MEMORY_H=1 -DHAVE_STRINGS_H=1 -DHAVE_INTTYPES_H=1 -DHAVE_STDINT_H=1 -DHAVE_UNISTD_H=1 -DHAVE_DLFCN_H=1 -DSTDC_HEADERS=1 -DHAVE_DIRENT_H=1 -DHAVE_MALLOC_H=1 -DHAVE_UNISTD_H=1 -DHAVE_STRSTR=1 -DHAVE_STRTOD=1'
DEPDIR='.deps'
ECHO='echo'
ECHO_C=''
ECHO_N='-n'
ECHO_T=''
EGREP='/bin/grep -E'
EXEEXT=''
F77=''
FFLAGS=''
GPERF='/usr/bin/gperf'
GREP='/bin/grep'
INSTALL_DATA='${INSTALL} -m 644'
INSTALL_PROGRAM='${INSTALL}'
INSTALL_SCRIPT='${INSTALL}'
INSTALL_STRIP_PROGRAM='$(install_sh) -c -s'
LDFLAGS=''
LEX='${SHELL} /home/ubuntu/work/Applications/Timer/liberty_parse-2.5/missing --run flex'
LEXLIB=''
LEX_OUTPUT_ROOT=''
LIBOBJS=''
LIBS=''
LIBTOOL='$(SHELL) $(top_builddir)/libtool'
LN_S='ln -s'
LTLIBOBJS=''
MAKEINFO='${SHELL} /home/ubuntu/work/Applications/Timer/liberty_parse-2.5/missing --run makeinfo'
OBJEXT='o'
PACKAGE='liberty_parser'
PACKAGE_BUGREPORT=''
PACKAGE_NAME='liberty_parser'
PACKAGE_STRING='liberty_parser 2.5'
PACKAGE_TARNAME='liberty_parser'
PACKAGE_VERSION='2.5'
PATH_SEPARATOR=':'
RANLIB='ranlib'
SED='/bin/sed'
SET_MAKE=''
SHELL='/bin/bash'
STRIP='strip'
VERSION='2.5'
YACC='bison -y'
YFLAGS=''
ac_ct_CC='gcc'
ac_ct_CXX='g++'
ac_ct_F77=''
am__fastdepCC_FALSE='#'
am__fastdepCC_TRUE=''
am__fastdepCXX_FALSE='#'
am__fastdepCXX_TRUE=''
am__include='include'
am__isrc=''
am__leading_dot='.'
am__quote=''
am__tar='${AMTAR} chof - "$$tardir"'
am__untar='${AMTAR} xf -'
bindir='${exec_prefix}/bin'
build='x86_64-unknown-linux-gnu'
build_alias=''
build_cpu='x86_64'
build_os='linux-gnu'
build_vendor='unknown'
datadir='${datarootdir}'
datarootdir='${prefix}/share'
docdir='${datarootdir}/doc/${PACKAGE_TARNAME}'
dvidir='${docdir}'
exec_prefix='${prefix}'
host='x86_64-unknown-linux-gnu'
host_alias=''
host_cpu='x86_64'
host_os='linux-gnu'
host_vendor='unknown'
htmldir='${docdir}'
includedir='${prefix}/include'
infodir='${datarootdir}/info'
install_sh='$(SHELL) /home/ubuntu/work/Applications/Timer/liberty_parse-2.5/install-sh'
libdir='${exec_prefix}/lib'
libexecdir='${exec_prefix}/libexec'
localedir='${datarootdir}/locale'
localstatedir='${prefix}/var'
mandir='${datarootdir}/man'
mkdir_p='/bin/mkdir -p'
oldincludedir='/usr/include'
pdfdir='${docdir}'
prefix='/usr/local'
program_transform_name='s,x,x,'
psdir='${docdir}'
sbindir='${exec_prefix}/sbin'
sharedstatedir='${prefix}/com'
sysconfdir='${prefix}/etc'
target_alias=''

## ----------- ##
## confdefs.h. ##
## ----------- ##

#define PACKAGE_NAME "liberty_parser"
#define PACKAGE_TARNAME "liberty_parser"
#define PACKAGE_VERSION "2.5"
#define PACKAGE_STRING "liberty_parser 2.5"
#define PACKAGE_BUGREPORT ""
#define PACKAGE "liberty_parser"
#define VERSION "2.5"
#define STDC_HEADERS 1
#define HAVE_SYS_TYPES_H 1
#define HAVE_SYS_STAT_H 1
#define HAVE_STDLIB_H 1
#define HAVE_STRING_H 1
#define HAVE_MEMORY_H 1
#define HAVE_STRINGS_H 1
#define HAVE_INTTYPES_H 1
#define HAVE_STDINT_H 1
#define HAVE_UNISTD_H 1
#define HAVE_DLFCN_H 1
#define STDC_HEADERS 1
#define HAVE_DIRENT_H 1
#define HAVE_MALLOC_H 1
#define HAVE_UNISTD_H 1
#define HAVE_STRSTR 1
#define HAVE_STRTOD 1

configure: exit 0
